# JRE version: OpenJDK Runtime Environment (8.0_152-b01) (build 1.8.0_152-release-1248-b01)
# Java VM: OpenJDK 64-Bit Server VM (25.152-b01 mixed mode linux-amd64 compressed oops)
Heap:
 PSYoungGen      total 289792K, used 0K [0x00000000eab00000, 0x0000000100000000, 0x0000000100000000)
  eden space 230400K, 0% used [0x00000000eab00000,0x00000000eab00000,0x00000000f8c00000)
  from space 59392K, 0% used [0x00000000f8c00000,0x00000000f8c00000,0x00000000fc600000)
  to   space 59392K, 0% used [0x00000000fc600000,0x00000000fc600000,0x0000000100000000)
 ParOldGen       total 400384K, used 390764K [0x00000000c0000000, 0x00000000d8700000, 0x00000000eab00000)
  object space 400384K, 97% used [0x00000000c0000000,0x00000000d7d9b260,0x00000000d8700000)
 Metaspace       used 137531K, capacity 142236K, committed 143448K, reserved 1175552K
  class space    used 16593K, capacity 17742K, committed 18048K, reserved 1048576K
GC Heap History (10 events):
Event: 1545.709 GC heap after
Heap after GC invocations=104 (full 9):
 PSYoungGen      total 312832K, used 3506K [0x00000000eab00000, 0x0000000100000000, 0x0000000100000000)
  eden space 276480K, 0% used [0x00000000eab00000,0x00000000eab00000,0x00000000fb900000)
  from space 36352K, 9% used [0x00000000fb900000,0x00000000fbc6c848,0x00000000fdc80000)
  to   space 36352K, 0% used [0x00000000fdc80000,0x00000000fdc80000,0x0000000100000000)
 ParOldGen       total 400384K, used 308586K [0x00000000c0000000, 0x00000000d8700000, 0x00000000eab00000)
  object space 400384K, 77% used [0x00000000c0000000,0x00000000d2d5aab8,0x00000000d8700000)
 Metaspace       used 138032K, capacity 143202K, committed 143448K, reserved 1175552K
  class space    used 16731K, capacity 17995K, committed 18048K, reserved 1048576K
}
Event: 1546.443 GC heap before
{Heap before GC invocations=105 (full 9):
 PSYoungGen      total 312832K, used 279986K [0x00000000eab00000, 0x0000000100000000, 0x0000000100000000)
  eden space 276480K, 100% used [0x00000000eab00000,0x00000000fb900000,0x00000000fb900000)
  from space 36352K, 9% used [0x00000000fb900000,0x00000000fbc6c848,0x00000000fdc80000)
  to   space 36352K, 0% used [0x00000000fdc80000,0x00000000fdc80000,0x0000000100000000)
 ParOldGen       total 400384K, used 308586K [0x00000000c0000000, 0x00000000d8700000, 0x00000000eab00000)
  object space 400384K, 77% used [0x00000000c0000000,0x00000000d2d5aab8,0x00000000d8700000)
 Metaspace       used 138036K, capacity 143202K, committed 143448K, reserved 1175552K
  class space    used 16731K, capacity 17995K, committed 18048K, reserved 1048576K
Event: 1546.466 GC heap after
Heap after GC invocations=105 (full 9):
 PSYoungGen      total 309760K, used 9014K [0x00000000eab00000, 0x00000000ffd00000, 0x0000000100000000)
  eden space 276480K, 0% used [0x00000000eab00000,0x00000000eab00000,0x00000000fb900000)
  from space 33280K, 27% used [0x00000000fdc80000,0x00000000fe54d890,0x00000000ffd00000)
  to   space 34816K, 0% used [0x00000000fb900000,0x00000000fb900000,0x00000000fdb00000)
 ParOldGen       total 400384K, used 309987K [0x00000000c0000000, 0x00000000d8700000, 0x00000000eab00000)
  object space 400384K, 77% used [0x00000000c0000000,0x00000000d2eb8e90,0x00000000d8700000)
 Metaspace       used 138036K, capacity 143202K, committed 143448K, reserved 1175552K
  class space    used 16731K, capacity 17995K, committed 18048K, reserved 1048576K
}
Event: 1547.564 GC heap before
{Heap before GC invocations=106 (full 9):
 PSYoungGen      total 309760K, used 285494K [0x00000000eab00000, 0x00000000ffd00000, 0x0000000100000000)
  eden space 276480K, 100% used [0x00000000eab00000,0x00000000fb900000,0x00000000fb900000)
  from space 33280K, 27% used [0x00000000fdc80000,0x00000000fe54d890,0x00000000ffd00000)
  to   space 34816K, 0% used [0x00000000fb900000,0x00000000fb900000,0x00000000fdb00000)
 ParOldGen       total 400384K, used 309987K [0x00000000c0000000, 0x00000000d8700000, 0x00000000eab00000)
  object space 400384K, 77% used [0x00000000c0000000,0x00000000d2eb8e90,0x00000000d8700000)
 Metaspace       used 138054K, capacity 143210K, committed 143448K, reserved 1175552K
  class space    used 16731K, capacity 17995K, committed 18048K, reserved 1048576K
Event: 1547.603 GC heap after
Heap after GC invocations=106 (full 9):
 PSYoungGen      total 311296K, used 16009K [0x00000000eab00000, 0x00000000fff80000, 0x0000000100000000)
  eden space 276480K, 0% used [0x00000000eab00000,0x00000000eab00000,0x00000000fb900000)
  from space 34816K, 45% used [0x00000000fb900000,0x00000000fc8a2708,0x00000000fdb00000)
  to   space 33792K, 0% used [0x00000000fde80000,0x00000000fde80000,0x00000000fff80000)
 ParOldGen       total 400384K, used 313748K [0x00000000c0000000, 0x00000000d8700000, 0x00000000eab00000)
  object space 400384K, 78% used [0x00000000c0000000,0x00000000d3265360,0x00000000d8700000)
 Metaspace       used 138054K, capacity 143210K, committed 143448K, reserved 1175552K
  class space    used 16731K, capacity 17995K, committed 18048K, reserved 1048576K
}
Event: 1558.434 GC heap before
{Heap before GC invocations=107 (full 9):
 PSYoungGen      total 311296K, used 292489K [0x00000000eab00000, 0x00000000fff80000, 0x0000000100000000)
  eden space 276480K, 100% used [0x00000000eab00000,0x00000000fb900000,0x00000000fb900000)
  from space 34816K, 45% used [0x00000000fb900000,0x00000000fc8a2708,0x00000000fdb00000)
  to   space 33792K, 0% used [0x00000000fde80000,0x00000000fde80000,0x00000000fff80000)
 ParOldGen       total 400384K, used 313748K [0x00000000c0000000, 0x00000000d8700000, 0x00000000eab00000)
  object space 400384K, 78% used [0x00000000c0000000,0x00000000d3265360,0x00000000d8700000)
 Metaspace       used 138114K, capacity 143234K, committed 143448K, reserved 1175552K
  class space    used 16736K, capacity 18001K, committed 18048K, reserved 1048576K
Event: 1558.533 GC heap after
Heap after GC invocations=107 (full 9):
 PSYoungGen      total 264192K, used 33781K [0x00000000eab00000, 0x0000000100000000, 0x0000000100000000)
  eden space 230400K, 0% used [0x00000000eab00000,0x00000000eab00000,0x00000000f8c00000)
  from space 33792K, 99% used [0x00000000fde80000,0x00000000fff7d7d8,0x00000000fff80000)
  to   space 59392K, 0% used [0x00000000f8c00000,0x00000000f8c00000,0x00000000fc600000)
 ParOldGen       total 400384K, used 368100K [0x00000000c0000000, 0x00000000d8700000, 0x00000000eab00000)
  object space 400384K, 91% used [0x00000000c0000000,0x00000000d6779140,0x00000000d8700000)
 Metaspace       used 138114K, capacity 143234K, committed 143448K, reserved 1175552K
  class space    used 16736K, capacity 18001K, committed 18048K, reserved 1048576K
}
Event: 1560.566 GC heap before
{Heap before GC invocations=108 (full 9):
 PSYoungGen      total 264192K, used 264181K [0x00000000eab00000, 0x0000000100000000, 0x0000000100000000)
  eden space 230400K, 100% used [0x00000000eab00000,0x00000000f8c00000,0x00000000f8c00000)
  from space 33792K, 99% used [0x00000000fde80000,0x00000000fff7d7d8,0x00000000fff80000)
  to   space 59392K, 0% used [0x00000000f8c00000,0x00000000f8c00000,0x00000000fc600000)
 ParOldGen       total 400384K, used 368100K [0x00000000c0000000, 0x00000000d8700000, 0x00000000eab00000)
  object space 400384K, 91% used [0x00000000c0000000,0x00000000d6779140,0x00000000d8700000)
 Metaspace       used 138122K, capacity 143234K, committed 143448K, reserved 1175552K
  class space    used 16736K, capacity 18001K, committed 18048K, reserved 1048576K
Event: 1560.690 GC heap after
Heap after GC invocations=108 (full 9):
 PSYoungGen      total 289792K, used 59362K [0x00000000eab00000, 0x0000000100000000, 0x0000000100000000)
  eden space 230400K, 0% used [0x00000000eab00000,0x00000000eab00000,0x00000000f8c00000)
  from space 59392K, 99% used [0x00000000f8c00000,0x00000000fc5f8980,0x00000000fc600000)
  to   space 59392K, 0% used [0x00000000fc600000,0x00000000fc600000,0x0000000100000000)
 ParOldGen       total 400384K, used 399150K [0x00000000c0000000, 0x00000000d8700000, 0x00000000eab00000)
  object space 400384K, 99% used [0x00000000c0000000,0x00000000d85cbb78,0x00000000d8700000)
 Metaspace       used 138122K, capacity 143234K, committed 143448K, reserved 1175552K
  class space    used 16736K, capacity 18001K, committed 18048K, reserved 1048576K
}
Event: 1560.764 GC heap before
{Heap before GC invocations=109 (full 10):
 PSYoungGen      total 289792K, used 59362K [0x00000000eab00000, 0x0000000100000000, 0x0000000100000000)
  eden space 230400K, 0% used [0x00000000eab00000,0x00000000eab00000,0x00000000f8c00000)
  from space 59392K, 99% used [0x00000000f8c00000,0x00000000fc5f8980,0x00000000fc600000)
  to   space 59392K, 0% used [0x00000000fc600000,0x00000000fc600000,0x0000000100000000)
 ParOldGen       total 400384K, used 399150K [0x00000000c0000000, 0x00000000d8700000, 0x00000000eab00000)
  object space 400384K, 99% used [0x00000000c0000000,0x00000000d85cbb78,0x00000000d8700000)
 Metaspace       used 138122K, capacity 143234K, committed 143448K, reserved 1175552K
  class space    used 16736K, capacity 18001K, committed 18048K, reserved 1048576K

